<?xml version="1.0" encoding="UTF-8"?>
<!-- Generated by org.testng.reporters.JUnitXMLReporter -->
<testsuite ignored="0" hostname="Admin" failures="0" tests="3" name="Default test" time="25.793" errors="0" timestamp="2022-03-01T15:12:21 ICT">
  <testcase classname="qoscanner_auto.ForgotPass" name="TC_01_Forgot_Valid_Email" time="10.512"/>
  <testcase classname="qoscanner_auto.ForgotPass" name="TC_02_Forgot_Invalid_Email" time="4.467"/>
  <testcase classname="qoscanner_auto.ForgotPass" name="TC_03_Forgot_Empty_Email" time="4.344"/>
</testsuite> <!-- Default test -->
